
> jjiban@0.1.0 build
> nuxt build

[90mâ”‚[39m
[33mâ–²[39m  Changing [36mNODE_ENV[39m from [36mdevelopment[39m to [36mproduction[39m, to avoid unintended behavior.
[90mâ”Œ[39m  [36mBuilding Nuxt for production...[39m
[90mâ”‚[39m
[34mâ—[39m  [32mNuxt [1m3.20.2[22m[39m[90m (with [39m[90mNitro [1m2.12.9[22m[39m[90m, Vite [1m7.2.7[22m[39m[90m and Vue [1m3.5.25[22m[39m[90m)[39m
[90m[[90mnuxt:tailwindcss[90m][39m [36mâ„¹[39m Using Tailwind CSS from ~/assets/css/main.css
[90mâ”‚[39m
[34mâ—[39m  Nitro preset: [36mnode-server[39m
[36mâ„¹[39m Building client...
[36mâ„¹[39m [36mvite v7.2.7 [32mbuilding client environment for production...[36m[39m
[36mâ„¹[39m transforming...
[36mâ„¹[39m [32mâœ“[39m 738 modules transformed.
[36mâ„¹[39m rendering chunks...
[36mâ„¹[39m computing gzip size...
[36mâ„¹[39m [2m../.nuxt/dist/client/[22m[32m_nuxt/primeicons.C6QP2o4f.woff2  [39m[1m[2m 35.15 kB[22m[1m[22m
[36mâ„¹[39m [2m../.nuxt/dist/client/[22m[32mmanifest.json                    [39m[1m[2m 59.81 kB[22m[1m[22m[2m â”‚ gzip:   4.94 kB[22m
[36mâ„¹[39m [2m../.nuxt/dist/client/[22m[32m_nuxt/primeicons.MpK4pl85.ttf    [39m[1m[2m 84.98 kB[22m[1m[22m
[36mâ„¹[39m [2m../.nuxt/dist/client/[22m[32m_nuxt/primeicons.WjwUDZjB.woff   [39m[1m[2m 85.06 kB[22m[1m[22m
[36mâ„¹[39m [2m../.nuxt/dist/client/[22m[32m_nuxt/primeicons.DMOk5skT.eot    [39m[1m[2m 85.16 kB[22m[1m[22m
[36mâ„¹[39m [2m../.nuxt/dist/client/[22m[32m_nuxt/primeicons.Dr5RGzOO.svg    [39m[1m[2m342.53 kB[22m[1m[22m[2m â”‚ gzip: 105.26 kB[22m
[36mâ„¹[39m [2m../.nuxt/dist/client/[22m[35m_nuxt/wbs.bUeC_Egh.css           [39m[1m[2m  0.29 kB[22m[1m[22m[2m â”‚ gzip:   0.23 kB[22m
[36mâ„¹[39m [2m../.nuxt/dist/client/[22m[35m_nuxt/error-500.5Kem8BTR.css     [39m[1m[2m  1.88 kB[22m[1m[22m[2m â”‚ gzip:   0.72 kB[22m
[36mâ„¹[39m [2m../.nuxt/dist/client/[22m[35m_nuxt/error-404.Ba9jMujY.css     [39m[1m[2m  3.53 kB[22m[1m[22m[2m â”‚ gzip:   1.09 kB[22m
[36mâ„¹[39m [2m../.nuxt/dist/client/[22m[36m_nuxt/Du0Gde-H.js                [39m[1m[2m  0.06 kB[22m[1m[22m[2m â”‚ gzip:   0.08 kB[22m
[36mâ„¹[39m [2m../.nuxt/dist/client/[22m[36m_nuxt/BA5F94M2.js                [39m[1m[2m  0.18 kB[22m[1m[22m[2m â”‚ gzip:   0.14 kB[22m
[36mâ„¹[39m [2m../.nuxt/dist/client/[22m[36m_nuxt/CUFKzUcZ.js                [39m[1m[2m  0.20 kB[22m[1m[22m[2m â”‚ gzip:   0.18 kB[22m
[36mâ„¹[39m [2m../.nuxt/dist/client/[22m[36m_nuxt/BrHnRfk-.js                [39m[1m[2m  0.22 kB[22m[1m[22m[2m â”‚ gzip:   0.19 kB[22m
[36mâ„¹[39m [2m../.nuxt/dist/client/[22m[36m_nuxt/D5d04kqL.js                [39m[1m[2m  0.23 kB[22m[1m[22m[2m â”‚ gzip:   0.20 kB[22m
[36mâ„¹[39m [2m../.nuxt/dist/client/[22m[36m_nuxt/C7SD_AZI.js                [39m[1m[2m  0.25 kB[22m[1m[22m[2m â”‚ gzip:   0.19 kB[22m
[36mâ„¹[39m [2m../.nuxt/dist/client/[22m[36m_nuxt/B-guo-ln.js                [39m[1m[2m  0.27 kB[22m[1m[22m[2m â”‚ gzip:   0.22 kB[22m
[36mâ„¹[39m [2m../.nuxt/dist/client/[22m[36m_nuxt/AtdIgmVU.js                [39m[1m[2m  0.29 kB[22m[1m[22m[2m â”‚ gzip:   0.19 kB[22m
[36mâ„¹[39m [2m../.nuxt/dist/client/[22m[36m_nuxt/CnggaQHF.js                [39m[1m[2m  0.30 kB[22m[1m[22m[2m â”‚ gzip:   0.23 kB[22m
[36mâ„¹[39m [2m../.nuxt/dist/client/[22m[36m_nuxt/B9c5FzpT.js                [39m[1m[2m  0.42 kB[22m[1m[22m[2m â”‚ gzip:   0.30 kB[22m
[36mâ„¹[39m [2m../.nuxt/dist/client/[22m[36m_nuxt/CKmJwNX1.js                [39m[1m[2m  0.44 kB[22m[1m[22m[2m â”‚ gzip:   0.30 kB[22m
[36mâ„¹[39m [2m../.nuxt/dist/client/[22m[36m_nuxt/DsFRYz5-.js                [39m[1m[2m  0.45 kB[22m[1m[22m[2m â”‚ gzip:   0.30 kB[22m
[36mâ„¹[39m [2m../.nuxt/dist/client/[22m[36m_nuxt/CieJ1lZ3.js                [39m[1m[2m  0.46 kB[22m[1m[22m[2m â”‚ gzip:   0.29 kB[22m
[36mâ„¹[39m [2m../.nuxt/dist/client/[22m[36m_nuxt/D8iMl66g.js                [39m[1m[2m  0.46 kB[22m[1m[22m[2m â”‚ gzip:   0.29 kB[22m
[36mâ„¹[39m [2m../.nuxt/dist/client/[22m[36m_nuxt/B1R6LBwn.js                [39m[1m[2m  0.46 kB[22m[1m[22m[2m â”‚ gzip:   0.31 kB[22m
[36mâ„¹[39m [2m../.nuxt/dist/client/[22m[36m_nuxt/CF-63cx-.js                [39m[1m[2m  0.47 kB[22m[1m[22m[2m â”‚ gzip:   0.32 kB[22m
[36mâ„¹[39m [2m../.nuxt/dist/client/[22m[36m_nuxt/qzT73_Eb.js                [39m[1m[2m  0.47 kB[22m[1m[22m[2m â”‚ gzip:   0.31 kB[22m
[36mâ„¹[39m [2m../.nuxt/dist/client/[22m[36m_nuxt/C0BU5Niv.js                [39m[1m[2m  0.53 kB[22m[1m[22m[2m â”‚ gzip:   0.30 kB[22m
[36mâ„¹[39m [2m../.nuxt/dist/client/[22m[36m_nuxt/D3n1eR-c.js                [39m[1m[2m  0.54 kB[22m[1m[22m[2m â”‚ gzip:   0.30 kB[22m
[36mâ„¹[39m [2m../.nuxt/dist/client/[22m[36m_nuxt/DORKw5Ly.js                [39m[1m[2m  0.56 kB[22m[1m[22m[2m â”‚ gzip:   0.35 kB[22m
[36mâ„¹[39m [2m../.nuxt/dist/client/[22m[36m_nuxt/DDKkscDN.js                [39m[1m[2m  0.61 kB[22m[1m[22m[2m â”‚ gzip:   0.36 kB[22m
[36mâ„¹[39m [2m../.nuxt/dist/client/[22m[36m_nuxt/DmYR_9Pv.js                [39m[1m[2m  0.74 kB[22m[1m[22m[2m â”‚ gzip:   0.45 kB[22m
[36mâ„¹[39m [2m../.nuxt/dist/client/[22m[36m_nuxt/PPizKH3A.js                [39m[1m[2m  0.76 kB[22m[1m[22m[2m â”‚ gzip:   0.43 kB[22m
[36mâ„¹[39m [2m../.nuxt/dist/client/[22m[36m_nuxt/C8_tNGKy.js                [39m[1m[2m  0.79 kB[22m[1m[22m[2m â”‚ gzip:   0.44 kB[22m
[36mâ„¹[39m [2m../.nuxt/dist/client/[22m[36m_nuxt/C-U3bjX4.js                [39m[1m[2m  0.91 kB[22m[1m[22m[2m â”‚ gzip:   0.48 kB[22m
[36mâ„¹[39m [2m../.nuxt/dist/client/[22m[36m_nuxt/BWdaqtTG.js                [39m[1m[2m  1.10 kB[22m[1m[22m[2m â”‚ gzip:   0.55 kB[22m
[36mâ„¹[39m [2m../.nuxt/dist/client/[22m[36m_nuxt/DRtAWNE2.js                [39m[1m[2m  1.11 kB[22m[1m[22m[2m â”‚ gzip:   0.68 kB[22m
[36mâ„¹[39m [2m../.nuxt/dist/client/[22m[36m_nuxt/B96srYNN.js                [39m[1m[2m  1.12 kB[22m[1m[22m[2m â”‚ gzip:   0.54 kB[22m
[36mâ„¹[39m [2m../.nuxt/dist/client/[22m[36m_nuxt/DiCF9xXz.js                [39m[1m[2m  1.23 kB[22m[1m[22m[2m â”‚ gzip:   0.50 kB[22m
[36mâ„¹[39m [2m../.nuxt/dist/client/[22m[36m_nuxt/BcY6vTzo.js                [39m[1m[2m  1.26 kB[22m[1m[22m[2m â”‚ gzip:   0.61 kB[22m
[36mâ„¹[39m [2m../.nuxt/dist/client/[22m[36m_nuxt/BiiqAMuF.js                [39m[1m[2m  1.38 kB[22m[1m[22m[2m â”‚ gzip:   0.61 kB[22m
[36mâ„¹[39m [2m../.nuxt/dist/client/[22m[36m_nuxt/CAVazR0v.js                [39m[1m[2m  1.47 kB[22m[1m[22m[2m â”‚ gzip:   0.86 kB[22m
[36mâ„¹[39m [2m../.nuxt/dist/client/[22m[36m_nuxt/BjDUx4AL.js                [39m[1m[2m  1.66 kB[22m[1m[22m[2m â”‚ gzip:   1.01 kB[22m
[36mâ„¹[39m [2m../.nuxt/dist/client/[22m[36m_nuxt/Byo8Pr0k.js                [39m[1m[2m  1.71 kB[22m[1m[22m[2m â”‚ gzip:   1.01 kB[22m
[36mâ„¹[39m [2m../.nuxt/dist/client/[22m[36m_nuxt/CHH2ipdE.js                [39m[1m[2m  1.72 kB[22m[1m[22m[2m â”‚ gzip:   1.02 kB[22m
[36mâ„¹[39m [2m../.nuxt/dist/client/[22m[36m_nuxt/DcMRuFQd.js                [39m[1m[2m  1.73 kB[22m[1m[22m[2m â”‚ gzip:   1.02 kB[22m
[36mâ„¹[39m [2m../.nuxt/dist/client/[22m[36m_nuxt/CPU8d_UX.js                [39m[1m[2m  1.73 kB[22m[1m[22m[2m â”‚ gzip:   1.03 kB[22m
[36mâ„¹[39m [2m../.nuxt/dist/client/[22m[36m_nuxt/Bn6UBYQu.js                [39m[1m[2m  1.73 kB[22m[1m[22m[2m â”‚ gzip:   1.02 kB[22m
[36mâ„¹[39m [2m../.nuxt/dist/client/[22m[36m_nuxt/BQcBRyaC.js                [39m[1m[2m  1.73 kB[22m[1m[22m[2m â”‚ gzip:   1.05 kB[22m
[36mâ„¹[39m [2m../.nuxt/dist/client/[22m[36m_nuxt/C7Rtxwj8.js                [39m[1m[2m  1.85 kB[22m[1m[22m[2m â”‚ gzip:   0.63 kB[22m
[36mâ„¹[39m [2m../.nuxt/dist/client/[22m[36m_nuxt/vxu-99_m.js                [39m[1m[2m  1.86 kB[22m[1m[22m[2m â”‚ gzip:   0.74 kB[22m
[36mâ„¹[39m [2m../.nuxt/dist/client/[22m[36m_nuxt/DAhfr4p3.js                [39m[1m[2m  1.87 kB[22m[1m[22m[2m â”‚ gzip:   0.98 kB[22m
[36mâ„¹[39m [2m../.nuxt/dist/client/[22m[36m_nuxt/Bh0iwsqw.js                [39m[1m[2m  1.94 kB[22m[1m[22m[2m â”‚ gzip:   0.84 kB[22m
[36mâ„¹[39m [2m../.nuxt/dist/client/[22m[36m_nuxt/BgEW6AGT.js                [39m[1m[2m  1.94 kB[22m[1m[22m[2m â”‚ gzip:   0.70 kB[22m
[36mâ„¹[39m [2m../.nuxt/dist/client/[22m[36m_nuxt/D_koeoqc.js                [39m[1m[2m  2.02 kB[22m[1m[22m[2m â”‚ gzip:   0.69 kB[22m
[36mâ„¹[39m [2m../.nuxt/dist/client/[22m[36m_nuxt/DYGZiMx_.js                [39m[1m[2m  2.20 kB[22m[1m[22m[2m â”‚ gzip:   0.64 kB[22m
[36mâ„¹[39m [2m../.nuxt/dist/client/[22m[36m_nuxt/_HcZCcun.js                [39m[1m[2m  2.30 kB[22m[1m[22m[2m â”‚ gzip:   1.12 kB[22m
[36mâ„¹[39m [2m../.nuxt/dist/client/[22m[36m_nuxt/DruH8pXY.js                [39m[1m[2m  2.40 kB[22m[1m[22m[2m â”‚ gzip:   1.38 kB[22m
[36mâ„¹[39m [2m../.nuxt/dist/client/[22m[36m_nuxt/DeLZArDt.js                [39m[1m[2m  2.50 kB[22m[1m[22m[2m â”‚ gzip:   0.97 kB[22m
[36mâ„¹[39m [2m../.nuxt/dist/client/[22m[36m_nuxt/BLUA1l2L.js                [39m[1m[2m  2.51 kB[22m[1m[22m[2m â”‚ gzip:   1.04 kB[22m
[36mâ„¹[39m [2m../.nuxt/dist/client/[22m[36m_nuxt/jw5ujei2.js                [39m[1m[2m  2.53 kB[22m[1m[22m[2m â”‚ gzip:   1.40 kB[22m
[36mâ„¹[39m [2m../.nuxt/dist/client/[22m[36m_nuxt/Ds0Y7ZLc.js                [39m[1m[2m  2.76 kB[22m[1m[22m[2m â”‚ gzip:   1.42 kB[22m
[36mâ„¹[39m [2m../.nuxt/dist/client/[22m[36m_nuxt/BDe3IrFk.js                [39m[1m[2m  2.77 kB[22m[1m[22m[2m â”‚ gzip:   0.95 kB[22m
[36mâ„¹[39m [2m../.nuxt/dist/client/[22m[36m_nuxt/Dlawt3Ai.js                [39m[1m[2m  2.96 kB[22m[1m[22m[2m â”‚ gzip:   1.21 kB[22m
[36mâ„¹[39m [2m../.nuxt/dist/client/[22m[36m_nuxt/DPdRA9Qg.js                [39m[1m[2m  3.02 kB[22m[1m[22m[2m â”‚ gzip:   1.19 kB[22m
[36mâ„¹[39m [2m../.nuxt/dist/client/[22m[36m_nuxt/1Bz6P0KM.js                [39m[1m[2m  3.04 kB[22m[1m[22m[2m â”‚ gzip:   0.89 kB[22m
[36mâ„¹[39m [2m../.nuxt/dist/client/[22m[36m_nuxt/DWsRk6nx.js                [39m[1m[2m  3.33 kB[22m[1m[22m[2m â”‚ gzip:   1.23 kB[22m
[36mâ„¹[39m [2m../.nuxt/dist/client/[22m[36m_nuxt/C5Kenmux.js                [39m[1m[2m  3.41 kB[22m[1m[22m[2m â”‚ gzip:   1.54 kB[22m
[36mâ„¹[39m [2m../.nuxt/dist/client/[22m[36m_nuxt/Bdqi0m_5.js                [39m[1m[2m  3.54 kB[22m[1m[22m[2m â”‚ gzip:   1.28 kB[22m
[36mâ„¹[39m [2m../.nuxt/dist/client/[22m[36m_nuxt/q-3Isc6m.js                [39m[1m[2m  3.60 kB[22m[1m[22m[2m â”‚ gzip:   1.25 kB[22m
[36mâ„¹[39m [2m../.nuxt/dist/client/[22m[36m_nuxt/e6p55nd_.js                [39m[1m[2m  3.69 kB[22m[1m[22m[2m â”‚ gzip:   1.34 kB[22m
[36mâ„¹[39m [2m../.nuxt/dist/client/[22m[36m_nuxt/BmSW5Qf-.js                [39m[1m[2m  3.74 kB[22m[1m[22m[2m â”‚ gzip:   1.46 kB[22m
[36mâ„¹[39m [2m../.nuxt/dist/client/[22m[36m_nuxt/BCvVexkI.js                [39m[1m[2m  3.79 kB[22m[1m[22m[2m â”‚ gzip:   1.72 kB[22m
[36mâ„¹[39m [2m../.nuxt/dist/client/[22m[36m_nuxt/DKOBraa_.js                [39m[1m[2m  3.85 kB[22m[1m[22m[2m â”‚ gzip:   0.85 kB[22m
[36mâ„¹[39m [2m../.nuxt/dist/client/[22m[36m_nuxt/COa-dlH8.js                [39m[1m[2m  3.87 kB[22m[1m[22m[2m â”‚ gzip:   1.52 kB[22m
[36mâ„¹[39m [2m../.nuxt/dist/client/[22m[36m_nuxt/BaWU7OWs.js                [39m[1m[2m  3.90 kB[22m[1m[22m[2m â”‚ gzip:   1.29 kB[22m
[36mâ„¹[39m [2m../.nuxt/dist/client/[22m[36m_nuxt/DU71o54E.js                [39m[1m[2m  3.95 kB[22m[1m[22m[2m â”‚ gzip:   1.29 kB[22m
[36mâ„¹[39m [2m../.nuxt/dist/client/[22m[36m_nuxt/CgRmqCxZ.js                [39m[1m[2m  4.06 kB[22m[1m[22m[2m â”‚ gzip:   1.40 kB[22m
[36mâ„¹[39m [2m../.nuxt/dist/client/[22m[36m_nuxt/BLkx4dWQ.js                [39m[1m[2m  4.22 kB[22m[1m[22m[2m â”‚ gzip:   1.42 kB[22m
[36mâ„¹[39m [2m../.nuxt/dist/client/[22m[36m_nuxt/DswauUFY.js                [39m[1m[2m  4.29 kB[22m[1m[22m[2m â”‚ gzip:   1.12 kB[22m
[36mâ„¹[39m [2m../.nuxt/dist/client/[22m[36m_nuxt/BVQs3uMs.js                [39m[1m[2m  4.43 kB[22m[1m[22m[2m â”‚ gzip:   1.48 kB[22m
[36mâ„¹[39m [2m../.nuxt/dist/client/[22m[36m_nuxt/oUFZFz8M.js                [39m[1m[2m  4.44 kB[22m[1m[22m[2m â”‚ gzip:   1.08 kB[22m
[36mâ„¹[39m [2m../.nuxt/dist/client/[22m[36m_nuxt/CvI9Z0ij.js                [39m[1m[2m  4.48 kB[22m[1m[22m[2m â”‚ gzip:   1.76 kB[22m
[36mâ„¹[39m [2m../.nuxt/dist/client/[22m[36m_nuxt/DAnOzUSN.js                [39m[1m[2m  4.49 kB[22m[1m[22m[2m â”‚ gzip:   1.45 kB[22m
[36mâ„¹[39m [2m../.nuxt/dist/client/[22m[36m_nuxt/BaSjzz4h.js                [39m[1m[2m  4.56 kB[22m[1m[22m[2m â”‚ gzip:   1.12 kB[22m
[36mâ„¹[39m [2m../.nuxt/dist/client/[22m[36m_nuxt/CEGt3Xi-.js                [39m[1m[2m  4.57 kB[22m[1m[22m[2m â”‚ gzip:   1.93 kB[22m
[36mâ„¹[39m [2m../.nuxt/dist/client/[22m[36m_nuxt/C6l1xoy8.js                [39m[1m[2m  4.59 kB[22m[1m[22m[2m â”‚ gzip:   1.41 kB[22m
[36mâ„¹[39m [2m../.nuxt/dist/client/[22m[36m_nuxt/ayzcK2dB.js                [39m[1m[2m  4.62 kB[22m[1m[22m[2m â”‚ gzip:   1.44 kB[22m
[36mâ„¹[39m [2m../.nuxt/dist/client/[22m[36m_nuxt/XrZPHy8Q.js                [39m[1m[2m  4.80 kB[22m[1m[22m[2m â”‚ gzip:   1.61 kB[22m
[36mâ„¹[39m [2m../.nuxt/dist/client/[22m[36m_nuxt/DhFkS_1l.js                [39m[1m[2m  4.83 kB[22m[1m[22m[2m â”‚ gzip:   1.63 kB[22m
[36mâ„¹[39m [2m../.nuxt/dist/client/[22m[36m_nuxt/B-EKmNE_.js                [39m[1m[2m  4.90 kB[22m[1m[22m[2m â”‚ gzip:   1.23 kB[22m
[36mâ„¹[39m [2m../.nuxt/dist/client/[22m[36m_nuxt/Df_g4ci_.js                [39m[1m[2m  4.94 kB[22m[1m[22m[2m â”‚ gzip:   1.71 kB[22m
[36mâ„¹[39m [2m../.nuxt/dist/client/[22m[36m_nuxt/Dkv5o-Xj.js                [39m[1m[2m  5.10 kB[22m[1m[22m[2m â”‚ gzip:   1.99 kB[22m
[36mâ„¹[39m [2m../.nuxt/dist/client/[22m[36m_nuxt/B47mh-SE.js                [39m[1m[2m  5.12 kB[22m[1m[22m[2m â”‚ gzip:   1.77 kB[22m
[36mâ„¹[39m [2m../.nuxt/dist/client/[22m[36m_nuxt/QTTFphaO.js                [39m[1m[2m  5.18 kB[22m[1m[22m[2m â”‚ gzip:   1.69 kB[22m
[36mâ„¹[39m [2m../.nuxt/dist/client/[22m[36m_nuxt/DnH-sn0G.js                [39m[1m[2m  5.52 kB[22m[1m[22m[2m â”‚ gzip:   1.45 kB[22m
[36mâ„¹[39m [2m../.nuxt/dist/client/[22m[36m_nuxt/J6oIQue0.js                [39m[1m[2m  5.65 kB[22m[1m[22m[2m â”‚ gzip:   2.20 kB[22m
[36mâ„¹[39m [2m../.nuxt/dist/client/[22m[36m_nuxt/Bvn7SKjj.js                [39m[1m[2m  5.77 kB[22m[1m[22m[2m â”‚ gzip:   1.83 kB[22m
[36mâ„¹[39m [2m../.nuxt/dist/client/[22m[36m_nuxt/Cs7JKWQt.js                [39m[1m[2m  6.02 kB[22m[1m[22m[2m â”‚ gzip:   1.93 kB[22m
[36mâ„¹[39m [2m../.nuxt/dist/client/[22m[36m_nuxt/C_CKc9Q-.js                [39m[1m[2m  6.10 kB[22m[1m[22m[2m â”‚ gzip:   2.25 kB[22m
[36mâ„¹[39m [2m../.nuxt/dist/client/[22m[36m_nuxt/ChnQvMgp.js                [39m[1m[2m  6.31 kB[22m[1m[22m[2m â”‚ gzip:   1.90 kB[22m
[36mâ„¹[39m [2m../.nuxt/dist/client/[22m[36m_nuxt/CuA_4WH-.js                [39m[1m[2m  6.88 kB[22m[1m[22m[2m â”‚ gzip:   1.59 kB[22m
[36mâ„¹[39m [2m../.nuxt/dist/client/[22m[36m_nuxt/BVihDqbP.js                [39m[1m[2m  7.12 kB[22m[1m[22m[2m â”‚ gzip:   1.76 kB[22m
[36mâ„¹[39m [2m../.nuxt/dist/client/[22m[36m_nuxt/BUYtdTzk.js                [39m[1m[2m  7.22 kB[22m[1m[22m[2m â”‚ gzip:   1.76 kB[22m
[36mâ„¹[39m [2m../.nuxt/dist/client/[22m[36m_nuxt/Cpb7qPU7.js                [39m[1m[2m  7.23 kB[22m[1m[22m[2m â”‚ gzip:   2.33 kB[22m
[36mâ„¹[39m [2m../.nuxt/dist/client/[22m[36m_nuxt/CluyFazT.js                [39m[1m[2m  7.44 kB[22m[1m[22m[2m â”‚ gzip:   2.33 kB[22m
[36mâ„¹[39m [2m../.nuxt/dist/client/[22m[36m_nuxt/Cmi89JK-.js                [39m[1m[2m  7.53 kB[22m[1m[22m[2m â”‚ gzip:   2.11 kB[22m
[36mâ„¹[39m [2m../.nuxt/dist/client/[22m[36m_nuxt/Ydgb8UGH.js                [39m[1m[2m  7.91 kB[22m[1m[22m[2m â”‚ gzip:   2.36 kB[22m
[36mâ„¹[39m [2m../.nuxt/dist/client/[22m[36m_nuxt/9LYhGkkG.js                [39m[1m[2m  8.03 kB[22m[1m[22m[2m â”‚ gzip:   2.42 kB[22m
[36mâ„¹[39m [2m../.nuxt/dist/client/[22m[36m_nuxt/Hqtf4uL2.js                [39m[1m[2m  8.73 kB[22m[1m[22m[2m â”‚ gzip:   2.23 kB[22m
[36mâ„¹[39m [2m../.nuxt/dist/client/[22m[36m_nuxt/B1tgI0ri.js                [39m[1m[2m  8.83 kB[22m[1m[22m[2m â”‚ gzip:   2.39 kB[22m
[36mâ„¹[39m [2m../.nuxt/dist/client/[22m[36m_nuxt/MalbICaT.js                [39m[1m[2m  8.91 kB[22m[1m[22m[2m â”‚ gzip:   2.31 kB[22m
[36mâ„¹[39m [2m../.nuxt/dist/client/[22m[36m_nuxt/1kRwIXD5.js                [39m[1m[2m  8.93 kB[22m[1m[22m[2m â”‚ gzip:   2.71 kB[22m
[36mâ„¹[39m [2m../.nuxt/dist/client/[22m[36m_nuxt/Bszj3OxD.js                [39m[1m[2m  9.13 kB[22m[1m[22m[2m â”‚ gzip:   3.11 kB[22m
[36mâ„¹[39m [2m../.nuxt/dist/client/[22m[36m_nuxt/DCHtD7bE.js                [39m[1m[2m  9.49 kB[22m[1m[22m[2m â”‚ gzip:   2.68 kB[22m
[36mâ„¹[39m [2m../.nuxt/dist/client/[22m[36m_nuxt/CVBpdnE5.js                [39m[1m[2m  9.54 kB[22m[1m[22m[2m â”‚ gzip:   2.66 kB[22m
[36mâ„¹[39m [2m../.nuxt/dist/client/[22m[36m_nuxt/CiPttVgk.js                [39m[1m[2m 10.58 kB[22m[1m[22m[2m â”‚ gzip:   2.96 kB[22m
[36mâ„¹[39m [2m../.nuxt/dist/client/[22m[36m_nuxt/BjV3o6_d.js                [39m[1m[2m 10.76 kB[22m[1m[22m[2m â”‚ gzip:   3.39 kB[22m
[36mâ„¹[39m [2m../.nuxt/dist/client/[22m[36m_nuxt/BCbKLVyv.js                [39m[1m[2m 11.27 kB[22m[1m[22m[2m â”‚ gzip:   2.82 kB[22m
[36mâ„¹[39m [2m../.nuxt/dist/client/[22m[36m_nuxt/DTObTPW8.js                [39m[1m[2m 11.38 kB[22m[1m[22m[2m â”‚ gzip:   3.16 kB[22m
[36mâ„¹[39m [2m../.nuxt/dist/client/[22m[36m_nuxt/CLjuvcVS.js                [39m[1m[2m 11.66 kB[22m[1m[22m[2m â”‚ gzip:   3.54 kB[22m
[36mâ„¹[39m [2m../.nuxt/dist/client/[22m[36m_nuxt/IGkILN1p.js                [39m[1m[2m 12.83 kB[22m[1m[22m[2m â”‚ gzip:   3.55 kB[22m
[36mâ„¹[39m [2m../.nuxt/dist/client/[22m[36m_nuxt/CFKAiNsV.js                [39m[1m[2m 12.88 kB[22m[1m[22m[2m â”‚ gzip:   4.62 kB[22m
[36mâ„¹[39m [2m../.nuxt/dist/client/[22m[36m_nuxt/dbl9crIx.js                [39m[1m[2m 12.93 kB[22m[1m[22m[2m â”‚ gzip:   3.94 kB[22m
[36mâ„¹[39m [2m../.nuxt/dist/client/[22m[36m_nuxt/hWvIOawL.js                [39m[1m[2m 13.24 kB[22m[1m[22m[2m â”‚ gzip:   3.90 kB[22m
[36mâ„¹[39m [2m../.nuxt/dist/client/[22m[36m_nuxt/CctH5fW9.js                [39m[1m[2m 13.56 kB[22m[1m[22m[2m â”‚ gzip:   3.36 kB[22m
[36mâ„¹[39m [2m../.nuxt/dist/client/[22m[36m_nuxt/BIUYt5H8.js                [39m[1m[2m 13.74 kB[22m[1m[22m[2m â”‚ gzip:   3.68 kB[22m
[36mâ„¹[39m [2m../.nuxt/dist/client/[22m[36m_nuxt/CZbsyKyG.js                [39m[1m[2m 13.75 kB[22m[1m[22m[2m â”‚ gzip:   4.84 kB[22m
[36mâ„¹[39m [2m../.nuxt/dist/client/[22m[36m_nuxt/oFcZCA9T.js                [39m[1m[2m 14.17 kB[22m[1m[22m[2m â”‚ gzip:   3.78 kB[22m
[36mâ„¹[39m [2m../.nuxt/dist/client/[22m[36m_nuxt/BLJJDFcw.js                [39m[1m[2m 14.72 kB[22m[1m[22m[2m â”‚ gzip:   3.03 kB[22m
[36mâ„¹[39m [2m../.nuxt/dist/client/[22m[36m_nuxt/DbtSYeYO.js                [39m[1m[2m 15.41 kB[22m[1m[22m[2m â”‚ gzip:   4.50 kB[22m
[36mâ„¹[39m [2m../.nuxt/dist/client/[22m[36m_nuxt/CiltplbM.js                [39m[1m[2m 15.44 kB[22m[1m[22m[2m â”‚ gzip:   4.41 kB[22m
[36mâ„¹[39m [2m../.nuxt/dist/client/[22m[36m_nuxt/CywPALxT.js                [39m[1m[2m 16.63 kB[22m[1m[22m[2m â”‚ gzip:   4.91 kB[22m
[36mâ„¹[39m [2m../.nuxt/dist/client/[22m[36m_nuxt/EJx1N5EB.js                [39m[1m[2m 16.91 kB[22m[1m[22m[2m â”‚ gzip:   4.79 kB[22m
[36mâ„¹[39m [2m../.nuxt/dist/client/[22m[36m_nuxt/HxLvqwqm.js                [39m[1m[2m 17.78 kB[22m[1m[22m[2m â”‚ gzip:   7.56 kB[22m
[36mâ„¹[39m [2m../.nuxt/dist/client/[22m[36m_nuxt/CmAh8fdz.js                [39m[1m[2m 18.62 kB[22m[1m[22m[2m â”‚ gzip:   6.20 kB[22m
[36mâ„¹[39m [2m../.nuxt/dist/client/[22m[36m_nuxt/CA_WFLaN.js                [39m[1m[2m 20.45 kB[22m[1m[22m[2m â”‚ gzip:   6.05 kB[22m
[36mâ„¹[39m [2m../.nuxt/dist/client/[22m[36m_nuxt/C93BzY1U.js                [39m[1m[2m 21.85 kB[22m[1m[22m[2m â”‚ gzip:   5.09 kB[22m
[36mâ„¹[39m [2m../.nuxt/dist/client/[22m[36m_nuxt/Co6Udaq4.js                [39m[1m[2m 22.03 kB[22m[1m[22m[2m â”‚ gzip:   5.68 kB[22m
[36mâ„¹[39m [2m../.nuxt/dist/client/[22m[36m_nuxt/D9bESBYJ.js                [39m[1m[2m 22.74 kB[22m[1m[22m[2m â”‚ gzip:   5.85 kB[22m
[36mâ„¹[39m [2m../.nuxt/dist/client/[22m[36m_nuxt/B_nEE6VH.js                [39m[1m[2m 23.29 kB[22m[1m[22m[2m â”‚ gzip:   8.15 kB[22m
[36mâ„¹[39m [2m../.nuxt/dist/client/[22m[36m_nuxt/B-v-kzWO.js                [39m[1m[2m 23.87 kB[22m[1m[22m[2m â”‚ gzip:   7.31 kB[22m
[36mâ„¹[39m [2m../.nuxt/dist/client/[22m[36m_nuxt/D7-Z-Tf_.js                [39m[1m[2m 24.14 kB[22m[1m[22m[2m â”‚ gzip:   7.04 kB[22m
[36mâ„¹[39m [2m../.nuxt/dist/client/[22m[36m_nuxt/C43ln1-l.js                [39m[1m[2m 25.40 kB[22m[1m[22m[2m â”‚ gzip:   7.59 kB[22m
[36mâ„¹[39m [2m../.nuxt/dist/client/[22m[36m_nuxt/DZ7BikUB.js                [39m[1m[2m 25.56 kB[22m[1m[22m[2m â”‚ gzip:   6.25 kB[22m
[36mâ„¹[39m [2m../.nuxt/dist/client/[22m[36m_nuxt/BX4cMbF0.js                [39m[1m[2m 26.62 kB[22m[1m[22m[2m â”‚ gzip:   7.22 kB[22m
[36mâ„¹[39m [2m../.nuxt/dist/client/[22m[36m_nuxt/BHUKrpWk.js                [39m[1m[2m 26.65 kB[22m[1m[22m[2m â”‚ gzip:   6.58 kB[22m
[36mâ„¹[39m [2m../.nuxt/dist/client/[22m[36m_nuxt/Tm_7oidE.js                [39m[1m[2m 27.47 kB[22m[1m[22m[2m â”‚ gzip:   3.82 kB[22m
[36mâ„¹[39m [2m../.nuxt/dist/client/[22m[36m_nuxt/CdUSRoSA.js                [39m[1m[2m 28.71 kB[22m[1m[22m[2m â”‚ gzip:   7.12 kB[22m
[36mâ„¹[39m [2m../.nuxt/dist/client/[22m[36m_nuxt/Db8PaDP-.js                [39m[1m[2m 30.58 kB[22m[1m[22m[2m â”‚ gzip:   7.27 kB[22m
[36mâ„¹[39m [2m../.nuxt/dist/client/[22m[36m_nuxt/Y94_DBVd.js                [39m[1m[2m 31.11 kB[22m[1m[22m[2m â”‚ gzip:   7.22 kB[22m
[36mâ„¹[39m [2m../.nuxt/dist/client/[22m[36m_nuxt/1uGV42G2.js                [39m[1m[2m 32.99 kB[22m[1m[22m[2m â”‚ gzip:   7.93 kB[22m
[36mâ„¹[39m [2m../.nuxt/dist/client/[22m[36m_nuxt/6Urr-t8T.js                [39m[1m[2m 33.21 kB[22m[1m[22m[2m â”‚ gzip:   7.32 kB[22m
[36mâ„¹[39m [2m../.nuxt/dist/client/[22m[36m_nuxt/BQMC60qO.js                [39m[1m[2m 42.07 kB[22m[1m[22m[2m â”‚ gzip:   9.35 kB[22m
[36mâ„¹[39m [2m../.nuxt/dist/client/[22m[36m_nuxt/Cn7q7x-L.js                [39m[1m[2m 42.73 kB[22m[1m[22m[2m â”‚ gzip:  10.19 kB[22m
[36mâ„¹[39m [2m../.nuxt/dist/client/[22m[36m_nuxt/012914zs.js                [39m[1m[2m 43.42 kB[22m[1m[22m[2m â”‚ gzip:  10.35 kB[22m
[36mâ„¹[39m [2m../.nuxt/dist/client/[22m[36m_nuxt/DV6j_SRf.js                [39m[1m[2m 46.47 kB[22m[1m[22m[2m â”‚ gzip:  10.43 kB[22m
[36mâ„¹[39m [2m../.nuxt/dist/client/[22m[36m_nuxt/BNquH5q3.js                [39m[1m[2m 47.87 kB[22m[1m[22m[2m â”‚ gzip:  11.21 kB[22m
[36mâ„¹[39m [2m../.nuxt/dist/client/[22m[36m_nuxt/DI1z_zWZ.js                [39m[1m[2m 51.17 kB[22m[1m[22m[2m â”‚ gzip:   9.63 kB[22m
[36mâ„¹[39m [2m../.nuxt/dist/client/[22m[36m_nuxt/DoE1cHDe.js                [39m[1m[2m 76.73 kB[22m[1m[22m[2m â”‚ gzip:  14.80 kB[22m
[36mâ„¹[39m [2m../.nuxt/dist/client/[22m[36m_nuxt/BARlVI1w.js                [39m[1m[2m 98.87 kB[22m[1m[22m[2m â”‚ gzip:  20.38 kB[22m
[36mâ„¹[39m [2m../.nuxt/dist/client/[22m[36m_nuxt/wOL3KNU2.js                [39m[1m[2m208.60 kB[22m[1m[22m[2m â”‚ gzip:  42.26 kB[22m
[36mâ„¹[39m [2m../.nuxt/dist/client/[22m[36m_nuxt/NAoBy9V9.js                [39m[1m[2m325.47 kB[22m[1m[22m[2m â”‚ gzip: 106.28 kB[22m
[36mâ„¹[39m [32mâœ“ built in 7.48s[39m
[32mâœ”[39m Client built in 7505ms
[36mâ„¹[39m Building server...
[36mâ„¹[39m [36mvite v7.2.7 [32mbuilding ssr environment for production...[36m[39m
[36mâ„¹[39m transforming...
[36mâ„¹[39m [32mâœ“[39m 560 modules transformed.
[36mâ„¹[39m rendering chunks...
[36mâ„¹[39m [32mâœ“ built in 5.04s[39m
[32mâœ”[39m Server built in 5065ms
[90m[[90mnitro[90m][39m [32mâœ”[39m Generated public [36m.output/public[39m
[90m[[90mnitro[90m][39m [36mâ„¹[39m Building Nuxt Nitro server (preset: [36mnode-server[39m, compatibility date: [36m2024-11-01[39m)
(node:1032) [DEP0155] DeprecationWarning: Use of deprecated trailing slash pattern mapping "./" in the "exports" field module resolution of the package at C:\project\jjiban\node_modules\@vue\shared\package.json imported from C:\project\jjiban\node_modules\@nuxt\nitro-server\dist\runtime\templates\error-500.js. Mapping specifiers ending in "/" is no longer supported.
(Use `node --trace-deprecation ...` to show where the warning was created)
(node:1032) [DEP0155] DeprecationWarning: Use of deprecated trailing slash pattern mapping "./" in the "exports" field module resolution of the package at C:\project\jjiban\node_modules\@primeuix\utils\package.json imported from C:\project\jjiban\.nuxt\dist\server\server.mjs. Mapping specifiers ending in "/" is no longer supported.
(node:1032) [DEP0155] DeprecationWarning: Use of deprecated trailing slash pattern mapping "./" in the "exports" field module resolution of the package at C:\project\jjiban\node_modules\@vueuse\core\package.json imported from C:\project\jjiban\.nuxt\dist\server\_nuxt\wbs-3bl5E936.js. Mapping specifiers ending in "/" is no longer supported.
(node:1032) [DEP0155] DeprecationWarning: Use of deprecated trailing slash pattern mapping "./" in the "exports" field module resolution of the package at C:\project\jjiban\node_modules\@vueuse\shared\package.json imported from C:\project\jjiban\node_modules\@vueuse\core\dist\index.js. Mapping specifiers ending in "/" is no longer supported.
[90m[[90mnitro[90m][39m [32mâœ”[39m Nuxt Nitro server built
[90m  â”œâ”€ .output/server/chunks/_/error-500.mjs (4.87 kB)[39m[90m (2.05 kB gzip)[39m
[90m  â”œâ”€ .output/server/chunks/_/error-500.mjs.map (203 B)[39m[90m (166 B gzip)[39m
[90m  â”œâ”€ .output/server/chunks/_/nitro.mjs (676 kB)[39m[90m (104 kB gzip)[39m
[90m  â”œâ”€ .output/server/chunks/_/nitro.mjs.map (13.4 kB)[39m[90m (2.23 kB gzip)[39m
[90m  â”œâ”€ .output/server/chunks/build/client.precomputed.mjs (106 kB)[39m[90m (8.76 kB gzip)[39m
[90m  â”œâ”€ .output/server/chunks/build/client.precomputed.mjs.map (85.1 kB)[39m[90m (2.72 kB gzip)[39m
[90m  â”œâ”€ .output/server/chunks/build/default-B-VwGt_U.mjs (853 B)[39m[90m (452 B gzip)[39m
[90m  â”œâ”€ .output/server/chunks/build/default-B-VwGt_U.mjs.map (314 B)[39m[90m (205 B gzip)[39m
[90m  â”œâ”€ .output/server/chunks/build/entry-styles.CHRW3yEl.mjs (38 kB)[39m[90m (8.05 kB gzip)[39m
[90m  â”œâ”€ .output/server/chunks/build/entry-styles.CHRW3yEl.mjs.map (351 B)[39m[90m (181 B gzip)[39m
[90m  â”œâ”€ .output/server/chunks/build/error-404-BlXMQfIi.mjs (9.49 kB)[39m[90m (2.9 kB gzip)[39m
[90m  â”œâ”€ .output/server/chunks/build/error-404-BlXMQfIi.mjs.map (245 B)[39m[90m (198 B gzip)[39m
[90m  â”œâ”€ .output/server/chunks/build/error-404-styles.pfJtU_rU.mjs (3.81 kB)[39m[90m (1.22 kB gzip)[39m
[90m  â”œâ”€ .output/server/chunks/build/error-404-styles.pfJtU_rU.mjs.map (220 B)[39m[90m (167 B gzip)[39m
[90m  â”œâ”€ .output/server/chunks/build/error-500-Bne5AIed.mjs (8.59 kB)[39m[90m (2.6 kB gzip)[39m
[90m  â”œâ”€ .output/server/chunks/build/error-500-Bne5AIed.mjs.map (227 B)[39m[90m (184 B gzip)[39m
[90m  â”œâ”€ .output/server/chunks/build/error-500-styles.O_SbTMpt.mjs (2.16 kB)[39m[90m (856 B gzip)[39m
[90m  â”œâ”€ .output/server/chunks/build/error-500-styles.O_SbTMpt.mjs.map (220 B)[39m[90m (169 B gzip)[39m
[90m  â”œâ”€ .output/server/chunks/build/index-1v7fOn3J.mjs (8.37 kB)[39m[90m (2.26 kB gzip)[39m
[90m  â”œâ”€ .output/server/chunks/build/index-1v7fOn3J.mjs.map (230 B)[39m[90m (189 B gzip)[39m
[90m  â”œâ”€ .output/server/chunks/build/index-35s1ID3a.mjs (7.37 kB)[39m[90m (1.98 kB gzip)[39m
[90m  â”œâ”€ .output/server/chunks/build/index-35s1ID3a.mjs.map (257 B)[39m[90m (178 B gzip)[39m
[90m  â”œâ”€ .output/server/chunks/build/index-3ziDVAws.mjs (8.68 kB)[39m[90m (2.37 kB gzip)[39m
[90m  â”œâ”€ .output/server/chunks/build/index-3ziDVAws.mjs.map (265 B)[39m[90m (181 B gzip)[39m
[90m  â”œâ”€ .output/server/chunks/build/index-5-TXzVZS.mjs (38.1 kB)[39m[90m (7.5 kB gzip)[39m
[90m  â”œâ”€ .output/server/chunks/build/index-5-TXzVZS.mjs.map (460 B)[39m[90m (284 B gzip)[39m
[90m  â”œâ”€ .output/server/chunks/build/index-B-hen98L.mjs (7.11 kB)[39m[90m (1.7 kB gzip)[39m
[90m  â”œâ”€ .output/server/chunks/build/index-B-hen98L.mjs.map (265 B)[39m[90m (178 B gzip)[39m
[90m  â”œâ”€ .output/server/chunks/build/index-B2684dcp.mjs (10.5 kB)[39m[90m (2.69 kB gzip)[39m
[90m  â”œâ”€ .output/server/chunks/build/index-B2684dcp.mjs.map (265 B)[39m[90m (182 B gzip)[39m
[90m  â”œâ”€ .output/server/chunks/build/index-B9oVcrjW.mjs (8.27 kB)[39m[90m (2.06 kB gzip)[39m
[90m  â”œâ”€ .output/server/chunks/build/index-B9oVcrjW.mjs.map (257 B)[39m[90m (178 B gzip)[39m
[90m  â”œâ”€ .output/server/chunks/build/index-BAZv0e_A.mjs (4.96 kB)[39m[90m (1.18 kB gzip)[39m
[90m  â”œâ”€ .output/server/chunks/build/index-BAZv0e_A.mjs.map (263 B)[39m[90m (178 B gzip)[39m
[90m  â”œâ”€ .output/server/chunks/build/index-Bb78kwQX.mjs (7.31 kB)[39m[90m (2 kB gzip)[39m
[90m  â”œâ”€ .output/server/chunks/build/index-Bb78kwQX.mjs.map (261 B)[39m[90m (181 B gzip)[39m
[90m  â”œâ”€ .output/server/chunks/build/index-BBDsbIuW.mjs (20.6 kB)[39m[90m (5.65 kB gzip)[39m
[90m  â”œâ”€ .output/server/chunks/build/index-BBDsbIuW.mjs.map (661 B)[39m[90m (312 B gzip)[39m
[90m  â”œâ”€ .output/server/chunks/build/index-BBh33FC1.mjs (6.16 kB)[39m[90m (1.4 kB gzip)[39m
[90m  â”œâ”€ .output/server/chunks/build/index-BBh33FC1.mjs.map (222 B)[39m[90m (184 B gzip)[39m
[90m  â”œâ”€ .output/server/chunks/build/index-BbHgOuPP.mjs (9.53 kB)[39m[90m (2.39 kB gzip)[39m
[90m  â”œâ”€ .output/server/chunks/build/index-BbHgOuPP.mjs.map (1.49 kB)[39m[90m (422 B gzip)[39m
[90m  â”œâ”€ .output/server/chunks/build/index-BcFPMhLc.mjs (2.47 kB)[39m[90m (1.26 kB gzip)[39m
[90m  â”œâ”€ .output/server/chunks/build/index-BcFPMhLc.mjs.map (201 B)[39m[90m (171 B gzip)[39m
[90m  â”œâ”€ .output/server/chunks/build/index-BcnsvuYo.mjs (8.04 kB)[39m[90m (1.51 kB gzip)[39m
[90m  â”œâ”€ .output/server/chunks/build/index-BcnsvuYo.mjs.map (255 B)[39m[90m (175 B gzip)[39m
[90m  â”œâ”€ .output/server/chunks/build/index-BDaz5A0g.mjs (5.49 kB)[39m[90m (1.37 kB gzip)[39m
[90m  â”œâ”€ .output/server/chunks/build/index-BDaz5A0g.mjs.map (259 B)[39m[90m (178 B gzip)[39m
[90m  â”œâ”€ .output/server/chunks/build/index-BDfI3rCT.mjs (14.5 kB)[39m[90m (3.13 kB gzip)[39m
[90m  â”œâ”€ .output/server/chunks/build/index-BDfI3rCT.mjs.map (275 B)[39m[90m (188 B gzip)[39m
[90m  â”œâ”€ .output/server/chunks/build/index-Be9Kp_fC.mjs (3.13 kB)[39m[90m (1.62 kB gzip)[39m
[90m  â”œâ”€ .output/server/chunks/build/index-Be9Kp_fC.mjs.map (197 B)[39m[90m (165 B gzip)[39m
[90m  â”œâ”€ .output/server/chunks/build/index-Be9yFj44.mjs (8.98 kB)[39m[90m (2.31 kB gzip)[39m
[90m  â”œâ”€ .output/server/chunks/build/index-Be9yFj44.mjs.map (283 B)[39m[90m (186 B gzip)[39m
[90m  â”œâ”€ .output/server/chunks/build/index-BejAVsdn.mjs (11.8 kB)[39m[90m (2.68 kB gzip)[39m
[90m  â”œâ”€ .output/server/chunks/build/index-BejAVsdn.mjs.map (307 B)[39m[90m (203 B gzip)[39m
[90m  â”œâ”€ .output/server/chunks/build/index-BFtFqYcq.mjs (16.8 kB)[39m[90m (3.78 kB gzip)[39m
[90m  â”œâ”€ .output/server/chunks/build/index-BFtFqYcq.mjs.map (286 B)[39m[90m (196 B gzip)[39m
[90m  â”œâ”€ .output/server/chunks/build/index-Bg7Y9Y6b.mjs (18.6 kB)[39m[90m (4.44 kB gzip)[39m
[90m  â”œâ”€ .output/server/chunks/build/index-Bg7Y9Y6b.mjs.map (319 B)[39m[90m (218 B gzip)[39m
[90m  â”œâ”€ .output/server/chunks/build/index-BgXWBGuK.mjs (4.97 kB)[39m[90m (1.17 kB gzip)[39m
[90m  â”œâ”€ .output/server/chunks/build/index-BgXWBGuK.mjs.map (273 B)[39m[90m (185 B gzip)[39m
[90m  â”œâ”€ .output/server/chunks/build/index-BhSNqlr6.mjs (47.3 kB)[39m[90m (8.65 kB gzip)[39m
[90m  â”œâ”€ .output/server/chunks/build/index-BhSNqlr6.mjs.map (443 B)[39m[90m (275 B gzip)[39m
[90m  â”œâ”€ .output/server/chunks/build/index-Bl_jJht1.mjs (13.5 kB)[39m[90m (3.17 kB gzip)[39m
[90m  â”œâ”€ .output/server/chunks/build/index-Bl_jJht1.mjs.map (365 B)[39m[90m (228 B gzip)[39m
[90m  â”œâ”€ .output/server/chunks/build/index-BnW1O-D7.mjs (8.96 kB)[39m[90m (2.22 kB gzip)[39m
[90m  â”œâ”€ .output/server/chunks/build/index-BnW1O-D7.mjs.map (290 B)[39m[90m (199 B gzip)[39m
[90m  â”œâ”€ .output/server/chunks/build/index-BOMQZLYE.mjs (5.99 kB)[39m[90m (2.19 kB gzip)[39m
[90m  â”œâ”€ .output/server/chunks/build/index-BOMQZLYE.mjs.map (424 B)[39m[90m (259 B gzip)[39m
[90m  â”œâ”€ .output/server/chunks/build/index-BOWor2c9.mjs (9.01 kB)[39m[90m (2.09 kB gzip)[39m
[90m  â”œâ”€ .output/server/chunks/build/index-BOWor2c9.mjs.map (278 B)[39m[90m (188 B gzip)[39m
[90m  â”œâ”€ .output/server/chunks/build/index-BPC4Qc4j.mjs (9.01 kB)[39m[90m (2.18 kB gzip)[39m
[90m  â”œâ”€ .output/server/chunks/build/index-BPC4Qc4j.mjs.map (272 B)[39m[90m (188 B gzip)[39m
[90m  â”œâ”€ .output/server/chunks/build/index-BqPbiG-i.mjs (4.54 kB)[39m[90m (988 B gzip)[39m
[90m  â”œâ”€ .output/server/chunks/build/index-BqPbiG-i.mjs.map (188 B)[39m[90m (161 B gzip)[39m
[90m  â”œâ”€ .output/server/chunks/build/index-BRD1uLrW.mjs (30.3 kB)[39m[90m (6.61 kB gzip)[39m
[90m  â”œâ”€ .output/server/chunks/build/index-BRD1uLrW.mjs.map (387 B)[39m[90m (249 B gzip)[39m
[90m  â”œâ”€ .output/server/chunks/build/index-BrLwgJdv.mjs (11.6 kB)[39m[90m (3.03 kB gzip)[39m
[90m  â”œâ”€ .output/server/chunks/build/index-BrLwgJdv.mjs.map (290 B)[39m[90m (195 B gzip)[39m
[90m  â”œâ”€ .output/server/chunks/build/index-Bs_USh8_.mjs (19.1 kB)[39m[90m (3.74 kB gzip)[39m
[90m  â”œâ”€ .output/server/chunks/build/index-Bs_USh8_.mjs.map (265 B)[39m[90m (182 B gzip)[39m
[90m  â”œâ”€ .output/server/chunks/build/index-Bs-r2PQn.mjs (2.46 kB)[39m[90m (1.26 kB gzip)[39m
[90m  â”œâ”€ .output/server/chunks/build/index-Bs-r2PQn.mjs.map (199 B)[39m[90m (167 B gzip)[39m
[90m  â”œâ”€ .output/server/chunks/build/index-BSStjLvq.mjs (16.5 kB)[39m[90m (3.8 kB gzip)[39m
[90m  â”œâ”€ .output/server/chunks/build/index-BSStjLvq.mjs.map (274 B)[39m[90m (186 B gzip)[39m
[90m  â”œâ”€ .output/server/chunks/build/index-BtbOw_dZ.mjs (7.28 kB)[39m[90m (1.77 kB gzip)[39m
[90m  â”œâ”€ .output/server/chunks/build/index-BtbOw_dZ.mjs.map (275 B)[39m[90m (180 B gzip)[39m
[90m  â”œâ”€ .output/server/chunks/build/index-BurrxmMT.mjs (10.6 kB)[39m[90m (2.65 kB gzip)[39m
[90m  â”œâ”€ .output/server/chunks/build/index-BurrxmMT.mjs.map (285 B)[39m[90m (194 B gzip)[39m
[90m  â”œâ”€ .output/server/chunks/build/index-Bw1W6RhC.mjs (6.59 kB)[39m[90m (1.7 kB gzip)[39m
[90m  â”œâ”€ .output/server/chunks/build/index-Bw1W6RhC.mjs.map (342 B)[39m[90m (222 B gzip)[39m
[90m  â”œâ”€ .output/server/chunks/build/index-Bx4vLzga.mjs (11.7 kB)[39m[90m (2.62 kB gzip)[39m
[90m  â”œâ”€ .output/server/chunks/build/index-Bx4vLzga.mjs.map (275 B)[39m[90m (188 B gzip)[39m
[90m  â”œâ”€ .output/server/chunks/build/index-Bxd3zwtP.mjs (4.9 kB)[39m[90m (1.16 kB gzip)[39m
[90m  â”œâ”€ .output/server/chunks/build/index-Bxd3zwtP.mjs.map (253 B)[39m[90m (175 B gzip)[39m
[90m  â”œâ”€ .output/server/chunks/build/index-BxigMgtD.mjs (7.59 kB)[39m[90m (1.88 kB gzip)[39m
[90m  â”œâ”€ .output/server/chunks/build/index-BxigMgtD.mjs.map (269 B)[39m[90m (189 B gzip)[39m
[90m  â”œâ”€ .output/server/chunks/build/index-BzOZji1G.mjs (5.97 kB)[39m[90m (1.48 kB gzip)[39m
[90m  â”œâ”€ .output/server/chunks/build/index-BzOZji1G.mjs.map (251 B)[39m[90m (177 B gzip)[39m
[90m  â”œâ”€ .output/server/chunks/build/index-C0c8Upwj.mjs (11.4 kB)[39m[90m (2.69 kB gzip)[39m
[90m  â”œâ”€ .output/server/chunks/build/index-C0c8Upwj.mjs.map (251 B)[39m[90m (175 B gzip)[39m
[90m  â”œâ”€ .output/server/chunks/build/index-C0q8U_Lq.mjs (9.39 kB)[39m[90m (2.59 kB gzip)[39m
[90m  â”œâ”€ .output/server/chunks/build/index-C0q8U_Lq.mjs.map (488 B)[39m[90m (263 B gzip)[39m
[90m  â”œâ”€ .output/server/chunks/build/index-C13oqJEx.mjs (6.07 kB)[39m[90m (1.53 kB gzip)[39m
[90m  â”œâ”€ .output/server/chunks/build/index-C13oqJEx.mjs.map (265 B)[39m[90m (183 B gzip)[39m
[90m  â”œâ”€ .output/server/chunks/build/index-C1Owm54M.mjs (8.07 kB)[39m[90m (2.05 kB gzip)[39m
[90m  â”œâ”€ .output/server/chunks/build/index-C1Owm54M.mjs.map (268 B)[39m[90m (185 B gzip)[39m
[90m  â”œâ”€ .output/server/chunks/build/index-C4F5n8Vh.mjs (20.3 kB)[39m[90m (4.28 kB gzip)[39m
[90m  â”œâ”€ .output/server/chunks/build/index-C4F5n8Vh.mjs.map (293 B)[39m[90m (201 B gzip)[39m
[90m  â”œâ”€ .output/server/chunks/build/index-c4g8b4tw.mjs (40.9 kB)[39m[90m (8.95 kB gzip)[39m
[90m  â”œâ”€ .output/server/chunks/build/index-c4g8b4tw.mjs.map (606 B)[39m[90m (335 B gzip)[39m
[90m  â”œâ”€ .output/server/chunks/build/index-C6AVCTPH.mjs (18.5 kB)[39m[90m (4.06 kB gzip)[39m
[90m  â”œâ”€ .output/server/chunks/build/index-C6AVCTPH.mjs.map (340 B)[39m[90m (223 B gzip)[39m
[90m  â”œâ”€ .output/server/chunks/build/index-C6IkBzxy.mjs (43.4 kB)[39m[90m (8.81 kB gzip)[39m
[90m  â”œâ”€ .output/server/chunks/build/index-C6IkBzxy.mjs.map (599 B)[39m[90m (312 B gzip)[39m
[90m  â”œâ”€ .output/server/chunks/build/index-C7MQVqUO.mjs (55.2 kB)[39m[90m (10.2 kB gzip)[39m
[90m  â”œâ”€ .output/server/chunks/build/index-C7MQVqUO.mjs.map (397 B)[39m[90m (258 B gzip)[39m
[90m  â”œâ”€ .output/server/chunks/build/index-C7NIcqa6.mjs (164 kB)[39m[90m (25.7 kB gzip)[39m
[90m  â”œâ”€ .output/server/chunks/build/index-C7NIcqa6.mjs.map (892 B)[39m[90m (452 B gzip)[39m
[90m  â”œâ”€ .output/server/chunks/build/index-CAU2_MaZ.mjs (28 kB)[39m[90m (6.1 kB gzip)[39m
[90m  â”œâ”€ .output/server/chunks/build/index-CAU2_MaZ.mjs.map (304 B)[39m[90m (210 B gzip)[39m
[90m  â”œâ”€ .output/server/chunks/build/index-Cdi6B0tU.mjs (14.1 kB)[39m[90m (3.66 kB gzip)[39m
[90m  â”œâ”€ .output/server/chunks/build/index-Cdi6B0tU.mjs.map (283 B)[39m[90m (196 B gzip)[39m
[90m  â”œâ”€ .output/server/chunks/build/index-CePoZkZd.mjs (22.7 kB)[39m[90m (4.5 kB gzip)[39m
[90m  â”œâ”€ .output/server/chunks/build/index-CePoZkZd.mjs.map (249 B)[39m[90m (170 B gzip)[39m
[90m  â”œâ”€ .output/server/chunks/build/index-Cf7sgGer.mjs (2.21 kB)[39m[90m (1.09 kB gzip)[39m
[90m  â”œâ”€ .output/server/chunks/build/index-Cf7sgGer.mjs.map (195 B)[39m[90m (164 B gzip)[39m
[90m  â”œâ”€ .output/server/chunks/build/index-CG_CqEKy.mjs (12.2 kB)[39m[90m (2.86 kB gzip)[39m
[90m  â”œâ”€ .output/server/chunks/build/index-CG_CqEKy.mjs.map (305 B)[39m[90m (207 B gzip)[39m
[90m  â”œâ”€ .output/server/chunks/build/index-CGH2e1mD.mjs (45 kB)[39m[90m (8.43 kB gzip)[39m
[90m  â”œâ”€ .output/server/chunks/build/index-CGH2e1mD.mjs.map (489 B)[39m[90m (295 B gzip)[39m
[90m  â”œâ”€ .output/server/chunks/build/index-CGKnI7NL.mjs (4.64 kB)[39m[90m (993 B gzip)[39m
[90m  â”œâ”€ .output/server/chunks/build/index-CGKnI7NL.mjs.map (191 B)[39m[90m (163 B gzip)[39m
[90m  â”œâ”€ .output/server/chunks/build/index-CGstZLmY.mjs (2.47 kB)[39m[90m (1.29 kB gzip)[39m
[90m  â”œâ”€ .output/server/chunks/build/index-CGstZLmY.mjs.map (201 B)[39m[90m (171 B gzip)[39m
[90m  â”œâ”€ .output/server/chunks/build/index-CgU8kYAs.mjs (4.42 kB)[39m[90m (939 B gzip)[39m
[90m  â”œâ”€ .output/server/chunks/build/index-CgU8kYAs.mjs.map (190 B)[39m[90m (163 B gzip)[39m
[90m  â”œâ”€ .output/server/chunks/build/index-ChKa3zQJ.mjs (37.9 kB)[39m[90m (8.91 kB gzip)[39m
[90m  â”œâ”€ .output/server/chunks/build/index-ChKa3zQJ.mjs.map (687 B)[39m[90m (347 B gzip)[39m
[90m  â”œâ”€ .output/server/chunks/build/index-Ci7aPpm-.mjs (13.5 kB)[39m[90m (3.14 kB gzip)[39m
[90m  â”œâ”€ .output/server/chunks/build/index-Ci7aPpm-.mjs.map (311 B)[39m[90m (211 B gzip)[39m
[90m  â”œâ”€ .output/server/chunks/build/index-CJTO372j.mjs (1.86 kB)[39m[90m (909 B gzip)[39m
[90m  â”œâ”€ .output/server/chunks/build/index-CJTO372j.mjs.map (195 B)[39m[90m (168 B gzip)[39m
[90m  â”œâ”€ .output/server/chunks/build/index-CkpBqQfj.mjs (6.12 kB)[39m[90m (1.51 kB gzip)[39m
[90m  â”œâ”€ .output/server/chunks/build/index-CkpBqQfj.mjs.map (273 B)[39m[90m (179 B gzip)[39m
[90m  â”œâ”€ .output/server/chunks/build/index-CkpWLOvL.mjs (8.56 kB)[39m[90m (2.05 kB gzip)[39m
[90m  â”œâ”€ .output/server/chunks/build/index-CkpWLOvL.mjs.map (323 B)[39m[90m (189 B gzip)[39m
[90m  â”œâ”€ .output/server/chunks/build/index-CM16AbuK.mjs (15.6 kB)[39m[90m (3.42 kB gzip)[39m
[90m  â”œâ”€ .output/server/chunks/build/index-CM16AbuK.mjs.map (267 B)[39m[90m (190 B gzip)[39m
[90m  â”œâ”€ .output/server/chunks/build/index-CnhspSdt.mjs (41 kB)[39m[90m (8.89 kB gzip)[39m
[90m  â”œâ”€ .output/server/chunks/build/index-CnhspSdt.mjs.map (377 B)[39m[90m (243 B gzip)[39m
[90m  â”œâ”€ .output/server/chunks/build/index-CocxzDK6.mjs (14.6 kB)[39m[90m (3.17 kB gzip)[39m
[90m  â”œâ”€ .output/server/chunks/build/index-CocxzDK6.mjs.map (287 B)[39m[90m (193 B gzip)[39m
[90m  â”œâ”€ .output/server/chunks/build/index-CovNPjPd.mjs (66.4 kB)[39m[90m (12.5 kB gzip)[39m
[90m  â”œâ”€ .output/server/chunks/build/index-CovNPjPd.mjs.map (438 B)[39m[90m (269 B gzip)[39m
[90m  â”œâ”€ .output/server/chunks/build/index-Cp15xYHS.mjs (5.13 kB)[39m[90m (1.14 kB gzip)[39m
[90m  â”œâ”€ .output/server/chunks/build/index-Cp15xYHS.mjs.map (265 B)[39m[90m (183 B gzip)[39m
[90m  â”œâ”€ .output/server/chunks/build/index-CpGYxvhk.mjs (3.28 kB)[39m[90m (1.64 kB gzip)[39m
[90m  â”œâ”€ .output/server/chunks/build/index-CpGYxvhk.mjs.map (196 B)[39m[90m (167 B gzip)[39m
[90m  â”œâ”€ .output/server/chunks/build/index-CscML3aE.mjs (3.05 kB)[39m[90m (1.36 kB gzip)[39m
[90m  â”œâ”€ .output/server/chunks/build/index-CscML3aE.mjs.map (194 B)[39m[90m (165 B gzip)[39m
[90m  â”œâ”€ .output/server/chunks/build/index-Cu1Hy_40.mjs (19.7 kB)[39m[90m (4.6 kB gzip)[39m
[90m  â”œâ”€ .output/server/chunks/build/index-Cu1Hy_40.mjs.map (265 B)[39m[90m (183 B gzip)[39m
[90m  â”œâ”€ .output/server/chunks/build/index-CuqfzPFN.mjs (2.6 kB)[39m[90m (1.21 kB gzip)[39m
[90m  â”œâ”€ .output/server/chunks/build/index-CuqfzPFN.mjs.map (194 B)[39m[90m (165 B gzip)[39m
[90m  â”œâ”€ .output/server/chunks/build/index-CvafkdTn.mjs (23.2 kB)[39m[90m (4.79 kB gzip)[39m
[90m  â”œâ”€ .output/server/chunks/build/index-CvafkdTn.mjs.map (272 B)[39m[90m (188 B gzip)[39m
[90m  â”œâ”€ .output/server/chunks/build/index-CVoHbcuf.mjs (8.41 kB)[39m[90m (2.2 kB gzip)[39m
[90m  â”œâ”€ .output/server/chunks/build/index-CVoHbcuf.mjs.map (259 B)[39m[90m (178 B gzip)[39m
[90m  â”œâ”€ .output/server/chunks/build/index-CYcy_Ta1.mjs (7.43 kB)[39m[90m (1.99 kB gzip)[39m
[90m  â”œâ”€ .output/server/chunks/build/index-CYcy_Ta1.mjs.map (253 B)[39m[90m (176 B gzip)[39m
[90m  â”œâ”€ .output/server/chunks/build/index-D-sM_JiY.mjs (4.95 kB)[39m[90m (1.18 kB gzip)[39m
[90m  â”œâ”€ .output/server/chunks/build/index-D-sM_JiY.mjs.map (261 B)[39m[90m (179 B gzip)[39m
[90m  â”œâ”€ .output/server/chunks/build/index-D3hZFnuJ.mjs (1.04 kB)[39m[90m (445 B gzip)[39m
[90m  â”œâ”€ .output/server/chunks/build/index-D3hZFnuJ.mjs.map (208 B)[39m[90m (174 B gzip)[39m
[90m  â”œâ”€ .output/server/chunks/build/index-D3Vs7iw1.mjs (36.9 kB)[39m[90m (7.36 kB gzip)[39m
[90m  â”œâ”€ .output/server/chunks/build/index-D3Vs7iw1.mjs.map (397 B)[39m[90m (245 B gzip)[39m
[90m  â”œâ”€ .output/server/chunks/build/index-DBc4TRFE.mjs (5.89 kB)[39m[90m (1.44 kB gzip)[39m
[90m  â”œâ”€ .output/server/chunks/build/index-DBc4TRFE.mjs.map (273 B)[39m[90m (182 B gzip)[39m
[90m  â”œâ”€ .output/server/chunks/build/index-DBiG3TeQ.mjs (11.8 kB)[39m[90m (2.97 kB gzip)[39m
[90m  â”œâ”€ .output/server/chunks/build/index-DBiG3TeQ.mjs.map (277 B)[39m[90m (189 B gzip)[39m
[90m  â”œâ”€ .output/server/chunks/build/index-DbN96JCZ.mjs (5.23 kB)[39m[90m (1.27 kB gzip)[39m
[90m  â”œâ”€ .output/server/chunks/build/index-DbN96JCZ.mjs.map (259 B)[39m[90m (177 B gzip)[39m
[90m  â”œâ”€ .output/server/chunks/build/index-DCj05Xpl.mjs (43 kB)[39m[90m (8.04 kB gzip)[39m
[90m  â”œâ”€ .output/server/chunks/build/index-DCj05Xpl.mjs.map (476 B)[39m[90m (287 B gzip)[39m
[90m  â”œâ”€ .output/server/chunks/build/index-DCwApkYE.mjs (24.5 kB)[39m[90m (5.51 kB gzip)[39m
[90m  â”œâ”€ .output/server/chunks/build/index-DCwApkYE.mjs.map (319 B)[39m[90m (213 B gzip)[39m
[90m  â”œâ”€ .output/server/chunks/build/index-DDgPwGws.mjs (19.9 kB)[39m[90m (4.94 kB gzip)[39m
[90m  â”œâ”€ .output/server/chunks/build/index-DDgPwGws.mjs.map (278 B)[39m[90m (191 B gzip)[39m
[90m  â”œâ”€ .output/server/chunks/build/index-DeNCnp-G.mjs (12.4 kB)[39m[90m (3.34 kB gzip)[39m
[90m  â”œâ”€ .output/server/chunks/build/index-DeNCnp-G.mjs.map (299 B)[39m[90m (203 B gzip)[39m
[90m  â”œâ”€ .output/server/chunks/build/index-DesOb8pI.mjs (5.75 kB)[39m[90m (1.42 kB gzip)[39m
[90m  â”œâ”€ .output/server/chunks/build/index-DesOb8pI.mjs.map (269 B)[39m[90m (181 B gzip)[39m
[90m  â”œâ”€ .output/server/chunks/build/index-DfROAKTc.mjs (20.6 kB)[39m[90m (4.76 kB gzip)[39m
[90m  â”œâ”€ .output/server/chunks/build/index-DfROAKTc.mjs.map (277 B)[39m[90m (192 B gzip)[39m
[90m  â”œâ”€ .output/server/chunks/build/index-DGM0TAzt.mjs (2.44 kB)[39m[90m (1.25 kB gzip)[39m
[90m  â”œâ”€ .output/server/chunks/build/index-DGM0TAzt.mjs.map (200 B)[39m[90m (170 B gzip)[39m
[90m  â”œâ”€ .output/server/chunks/build/index-DGzylSXD.mjs (63.9 kB)[39m[90m (10.7 kB gzip)[39m
[90m  â”œâ”€ .output/server/chunks/build/index-DGzylSXD.mjs.map (651 B)[39m[90m (367 B gzip)[39m
[90m  â”œâ”€ .output/server/chunks/build/index-DHd92t7E.mjs (4.96 kB)[39m[90m (1.17 kB gzip)[39m
[90m  â”œâ”€ .output/server/chunks/build/index-DHd92t7E.mjs.map (265 B)[39m[90m (184 B gzip)[39m
[90m  â”œâ”€ .output/server/chunks/build/index-DhddPBxY.mjs (7.84 kB)[39m[90m (1.96 kB gzip)[39m
[90m  â”œâ”€ .output/server/chunks/build/index-DhddPBxY.mjs.map (259 B)[39m[90m (180 B gzip)[39m
[90m  â”œâ”€ .output/server/chunks/build/index-DHVKlxgf.mjs (13 kB)[39m[90m (3.03 kB gzip)[39m
[90m  â”œâ”€ .output/server/chunks/build/index-DHVKlxgf.mjs.map (260 B)[39m[90m (179 B gzip)[39m
[90m  â”œâ”€ .output/server/chunks/build/index-Din928lO.mjs (407 B)[39m[90m (226 B gzip)[39m
[90m  â”œâ”€ .output/server/chunks/build/index-Din928lO.mjs.map (178 B)[39m[90m (154 B gzip)[39m
[90m  â”œâ”€ .output/server/chunks/build/index-DJI83NVl.mjs (4.76 kB)[39m[90m (1.06 kB gzip)[39m
[90m  â”œâ”€ .output/server/chunks/build/index-DJI83NVl.mjs.map (189 B)[39m[90m (163 B gzip)[39m
[90m  â”œâ”€ .output/server/chunks/build/index-DjljR4iT.mjs (35.2 kB)[39m[90m (8.55 kB gzip)[39m
[90m  â”œâ”€ .output/server/chunks/build/index-DjljR4iT.mjs.map (777 B)[39m[90m (342 B gzip)[39m
[90m  â”œâ”€ .output/server/chunks/build/index-Dkih8CAi.mjs (75.2 kB)[39m[90m (14.2 kB gzip)[39m
[90m  â”œâ”€ .output/server/chunks/build/index-Dkih8CAi.mjs.map (469 B)[39m[90m (287 B gzip)[39m
[90m  â”œâ”€ .output/server/chunks/build/index-Dl88tU9V.mjs (14.6 kB)[39m[90m (3.27 kB gzip)[39m
[90m  â”œâ”€ .output/server/chunks/build/index-Dl88tU9V.mjs.map (341 B)[39m[90m (227 B gzip)[39m
[90m  â”œâ”€ .output/server/chunks/build/index-DlRfGbo7.mjs (5.09 kB)[39m[90m (1.18 kB gzip)[39m
[90m  â”œâ”€ .output/server/chunks/build/index-DlRfGbo7.mjs.map (267 B)[39m[90m (182 B gzip)[39m
[90m  â”œâ”€ .output/server/chunks/build/index-DmcH8R3-.mjs (8.18 kB)[39m[90m (2.5 kB gzip)[39m
[90m  â”œâ”€ .output/server/chunks/build/index-DmcH8R3-.mjs.map (492 B)[39m[90m (265 B gzip)[39m
[90m  â”œâ”€ .output/server/chunks/build/index-DnH0LdVV.mjs (4.94 kB)[39m[90m (1.17 kB gzip)[39m
[90m  â”œâ”€ .output/server/chunks/build/index-DnH0LdVV.mjs.map (263 B)[39m[90m (179 B gzip)[39m
[90m  â”œâ”€ .output/server/chunks/build/index-DnPsZLKo.mjs (5.34 kB)[39m[90m (1.3 kB gzip)[39m
[90m  â”œâ”€ .output/server/chunks/build/index-DnPsZLKo.mjs.map (274 B)[39m[90m (185 B gzip)[39m
[90m  â”œâ”€ .output/server/chunks/build/index-Do2KMGxI.mjs (45.4 kB)[39m[90m (8.6 kB gzip)[39m
[90m  â”œâ”€ .output/server/chunks/build/index-Do2KMGxI.mjs.map (484 B)[39m[90m (290 B gzip)[39m
[90m  â”œâ”€ .output/server/chunks/build/index-Doy2cCw6.mjs (8.61 kB)[39m[90m (2.34 kB gzip)[39m
[90m  â”œâ”€ .output/server/chunks/build/index-Doy2cCw6.mjs.map (259 B)[39m[90m (181 B gzip)[39m
[90m  â”œâ”€ .output/server/chunks/build/index-DoyisIAx.mjs (6.35 kB)[39m[90m (1.57 kB gzip)[39m
[90m  â”œâ”€ .output/server/chunks/build/index-DoyisIAx.mjs.map (271 B)[39m[90m (183 B gzip)[39m
[90m  â”œâ”€ .output/server/chunks/build/index-DqPGv3o_.mjs (4.92 kB)[39m[90m (1.17 kB gzip)[39m
[90m  â”œâ”€ .output/server/chunks/build/index-DqPGv3o_.mjs.map (259 B)[39m[90m (178 B gzip)[39m
[90m  â”œâ”€ .output/server/chunks/build/index-DRGc1ZtY.mjs (5 kB)[39m[90m (1.19 kB gzip)[39m
[90m  â”œâ”€ .output/server/chunks/build/index-DRGc1ZtY.mjs.map (265 B)[39m[90m (183 B gzip)[39m
[90m  â”œâ”€ .output/server/chunks/build/index-DrYufz5n.mjs (111 kB)[39m[90m (18.1 kB gzip)[39m
[90m  â”œâ”€ .output/server/chunks/build/index-DrYufz5n.mjs.map (784 B)[39m[90m (425 B gzip)[39m
[90m  â”œâ”€ .output/server/chunks/build/index-DS1Kbls6.mjs (4.49 kB)[39m[90m (972 B gzip)[39m
[90m  â”œâ”€ .output/server/chunks/build/index-DS1Kbls6.mjs.map (194 B)[39m[90m (165 B gzip)[39m
[90m  â”œâ”€ .output/server/chunks/build/index-DsF09xdk.mjs (3.51 kB)[39m[90m (1.67 kB gzip)[39m
[90m  â”œâ”€ .output/server/chunks/build/index-DsF09xdk.mjs.map (193 B)[39m[90m (164 B gzip)[39m
[90m  â”œâ”€ .output/server/chunks/build/index-DsRPbuvl.mjs (23.5 kB)[39m[90m (5.29 kB gzip)[39m
[90m  â”œâ”€ .output/server/chunks/build/index-DsRPbuvl.mjs.map (310 B)[39m[90m (204 B gzip)[39m
[90m  â”œâ”€ .output/server/chunks/build/index-DtNiwb49.mjs (6.44 kB)[39m[90m (1.41 kB gzip)[39m
[90m  â”œâ”€ .output/server/chunks/build/index-DtNiwb49.mjs.map (251 B)[39m[90m (176 B gzip)[39m
[90m  â”œâ”€ .output/server/chunks/build/index-DuUdEsyy.mjs (2.4 kB)[39m[90m (1.24 kB gzip)[39m
[90m  â”œâ”€ .output/server/chunks/build/index-DuUdEsyy.mjs.map (199 B)[39m[90m (169 B gzip)[39m
[90m  â”œâ”€ .output/server/chunks/build/index-DVxRm66n.mjs (10.1 kB)[39m[90m (2.68 kB gzip)[39m
[90m  â”œâ”€ .output/server/chunks/build/index-DVxRm66n.mjs.map (276 B)[39m[90m (190 B gzip)[39m
[90m  â”œâ”€ .output/server/chunks/build/index-DxT0S69F.mjs (5.99 kB)[39m[90m (1.52 kB gzip)[39m
[90m  â”œâ”€ .output/server/chunks/build/index-DxT0S69F.mjs.map (267 B)[39m[90m (185 B gzip)[39m
[90m  â”œâ”€ .output/server/chunks/build/index-DxZsxZmr.mjs (4.76 kB)[39m[90m (1.06 kB gzip)[39m
[90m  â”œâ”€ .output/server/chunks/build/index-DxZsxZmr.mjs.map (193 B)[39m[90m (162 B gzip)[39m
[90m  â”œâ”€ .output/server/chunks/build/index-DY-SWO_4.mjs (21.9 kB)[39m[90m (4.84 kB gzip)[39m
[90m  â”œâ”€ .output/server/chunks/build/index-DY-SWO_4.mjs.map (360 B)[39m[90m (221 B gzip)[39m
[90m  â”œâ”€ .output/server/chunks/build/index-DYZ10n3c.mjs (12.7 kB)[39m[90m (3.03 kB gzip)[39m
[90m  â”œâ”€ .output/server/chunks/build/index-DYZ10n3c.mjs.map (277 B)[39m[90m (189 B gzip)[39m
[90m  â”œâ”€ .output/server/chunks/build/index-DZ_evd0t.mjs (5.62 kB)[39m[90m (1.34 kB gzip)[39m
[90m  â”œâ”€ .output/server/chunks/build/index-DZ_evd0t.mjs.map (257 B)[39m[90m (176 B gzip)[39m
[90m  â”œâ”€ .output/server/chunks/build/index-DzDHL_5a.mjs (41.9 kB)[39m[90m (6.93 kB gzip)[39m
[90m  â”œâ”€ .output/server/chunks/build/index-DzDHL_5a.mjs.map (493 B)[39m[90m (264 B gzip)[39m
[90m  â”œâ”€ .output/server/chunks/build/index-F76UTgA3.mjs (50.1 kB)[39m[90m (9.74 kB gzip)[39m
[90m  â”œâ”€ .output/server/chunks/build/index-F76UTgA3.mjs.map (535 B)[39m[90m (316 B gzip)[39m
[90m  â”œâ”€ .output/server/chunks/build/index-FqeypnUr.mjs (11.4 kB)[39m[90m (2.68 kB gzip)[39m
[90m  â”œâ”€ .output/server/chunks/build/index-FqeypnUr.mjs.map (249 B)[39m[90m (174 B gzip)[39m
[90m  â”œâ”€ .output/server/chunks/build/index-Jf9l3q-W.mjs (15.5 kB)[39m[90m (3.58 kB gzip)[39m
[90m  â”œâ”€ .output/server/chunks/build/index-Jf9l3q-W.mjs.map (264 B)[39m[90m (181 B gzip)[39m
[90m  â”œâ”€ .output/server/chunks/build/index-JQZEZ_xH.mjs (321 kB)[39m[90m (53.2 kB gzip)[39m
[90m  â”œâ”€ .output/server/chunks/build/index-JQZEZ_xH.mjs.map (2.33 kB)[39m[90m (925 B gzip)[39m
[90m  â”œâ”€ .output/server/chunks/build/index-kOCkPSPW.mjs (5.27 kB)[39m[90m (1.27 kB gzip)[39m
[90m  â”œâ”€ .output/server/chunks/build/index-kOCkPSPW.mjs.map (263 B)[39m[90m (184 B gzip)[39m
[90m  â”œâ”€ .output/server/chunks/build/index-mAX34bLh.mjs (4.95 kB)[39m[90m (1.18 kB gzip)[39m
[90m  â”œâ”€ .output/server/chunks/build/index-mAX34bLh.mjs.map (261 B)[39m[90m (179 B gzip)[39m
[90m  â”œâ”€ .output/server/chunks/build/index-mDIdNjk7.mjs (62 kB)[39m[90m (12 kB gzip)[39m
[90m  â”œâ”€ .output/server/chunks/build/index-mDIdNjk7.mjs.map (593 B)[39m[90m (328 B gzip)[39m
[90m  â”œâ”€ .output/server/chunks/build/index-n_BgPU7d.mjs (48.5 kB)[39m[90m (9.26 kB gzip)[39m
[90m  â”œâ”€ .output/server/chunks/build/index-n_BgPU7d.mjs.map (380 B)[39m[90m (247 B gzip)[39m
[90m  â”œâ”€ .output/server/chunks/build/index-NFfB2URK.mjs (7.17 kB)[39m[90m (1.89 kB gzip)[39m
[90m  â”œâ”€ .output/server/chunks/build/index-NFfB2URK.mjs.map (263 B)[39m[90m (182 B gzip)[39m
[90m  â”œâ”€ .output/server/chunks/build/index-pJtapXvG.mjs (2.47 kB)[39m[90m (1.26 kB gzip)[39m
[90m  â”œâ”€ .output/server/chunks/build/index-pJtapXvG.mjs.map (197 B)[39m[90m (166 B gzip)[39m
[90m  â”œâ”€ .output/server/chunks/build/index-qh7TI7SQ.mjs (5.13 kB)[39m[90m (1.24 kB gzip)[39m
[90m  â”œâ”€ .output/server/chunks/build/index-qh7TI7SQ.mjs.map (261 B)[39m[90m (185 B gzip)[39m
[90m  â”œâ”€ .output/server/chunks/build/index-qkcOliyr.mjs (72.2 kB)[39m[90m (14.5 kB gzip)[39m
[90m  â”œâ”€ .output/server/chunks/build/index-qkcOliyr.mjs.map (551 B)[39m[90m (315 B gzip)[39m
[90m  â”œâ”€ .output/server/chunks/build/index-rAVNvoJo.mjs (166 B)[39m[90m (149 B gzip)[39m
[90m  â”œâ”€ .output/server/chunks/build/index-rAVNvoJo.mjs.map (188 B)[39m[90m (159 B gzip)[39m
[90m  â”œâ”€ .output/server/chunks/build/index-rj2U6ADd.mjs (10.9 kB)[39m[90m (2.61 kB gzip)[39m
[90m  â”œâ”€ .output/server/chunks/build/index-rj2U6ADd.mjs.map (299 B)[39m[90m (208 B gzip)[39m
[90m  â”œâ”€ .output/server/chunks/build/index-s7bghI2h.mjs (9.27 kB)[39m[90m (2.24 kB gzip)[39m
[90m  â”œâ”€ .output/server/chunks/build/index-s7bghI2h.mjs.map (263 B)[39m[90m (179 B gzip)[39m
[90m  â”œâ”€ .output/server/chunks/build/index-shDvnbrH.mjs (27.8 kB)[39m[90m (6.1 kB gzip)[39m
[90m  â”œâ”€ .output/server/chunks/build/index-shDvnbrH.mjs.map (287 B)[39m[90m (195 B gzip)[39m
[90m  â”œâ”€ .output/server/chunks/build/index-SlDKWECl.mjs (4.97 kB)[39m[90m (1.19 kB gzip)[39m
[90m  â”œâ”€ .output/server/chunks/build/index-SlDKWECl.mjs.map (261 B)[39m[90m (182 B gzip)[39m
[90m  â”œâ”€ .output/server/chunks/build/index-szq_kMv6.mjs (32.7 kB)[39m[90m (7.52 kB gzip)[39m
[90m  â”œâ”€ .output/server/chunks/build/index-szq_kMv6.mjs.map (824 B)[39m[90m (424 B gzip)[39m
[90m  â”œâ”€ .output/server/chunks/build/index-uqmsmZ3M.mjs (28.9 kB)[39m[90m (7.57 kB gzip)[39m
[90m  â”œâ”€ .output/server/chunks/build/index-uqmsmZ3M.mjs.map (421 B)[39m[90m (245 B gzip)[39m
[90m  â”œâ”€ .output/server/chunks/build/index-UrcvVhqX.mjs (4.43 kB)[39m[90m (947 B gzip)[39m
[90m  â”œâ”€ .output/server/chunks/build/index-UrcvVhqX.mjs.map (198 B)[39m[90m (167 B gzip)[39m
[90m  â”œâ”€ .output/server/chunks/build/index-uZrJvTor.mjs (5.37 kB)[39m[90m (1.3 kB gzip)[39m
[90m  â”œâ”€ .output/server/chunks/build/index-uZrJvTor.mjs.map (280 B)[39m[90m (187 B gzip)[39m
[90m  â”œâ”€ .output/server/chunks/build/index-v8VJmhNx.mjs (65.9 kB)[39m[90m (12.9 kB gzip)[39m
[90m  â”œâ”€ .output/server/chunks/build/index-v8VJmhNx.mjs.map (378 B)[39m[90m (246 B gzip)[39m
[90m  â”œâ”€ .output/server/chunks/build/index-V9OXTmwX.mjs (9.56 kB)[39m[90m (2.4 kB gzip)[39m
[90m  â”œâ”€ .output/server/chunks/build/index-V9OXTmwX.mjs.map (286 B)[39m[90m (200 B gzip)[39m
[90m  â”œâ”€ .output/server/chunks/build/index-yE8i06s_.mjs (2.47 kB)[39m[90m (1.26 kB gzip)[39m
[90m  â”œâ”€ .output/server/chunks/build/index-yE8i06s_.mjs.map (202 B)[39m[90m (172 B gzip)[39m
[90m  â”œâ”€ .output/server/chunks/build/nuxt-link-koLbts0Q.mjs (9.76 kB)[39m[90m (2.55 kB gzip)[39m
[90m  â”œâ”€ .output/server/chunks/build/nuxt-link-koLbts0Q.mjs.map (209 B)[39m[90m (170 B gzip)[39m
[90m  â”œâ”€ .output/server/chunks/build/projects-BAphr-Ve.mjs (32 kB)[39m[90m (7.92 kB gzip)[39m
[90m  â”œâ”€ .output/server/chunks/build/projects-BAphr-Ve.mjs.map (651 B)[39m[90m (332 B gzip)[39m
[90m  â”œâ”€ .output/server/chunks/build/server.mjs (209 kB)[39m[90m (41.9 kB gzip)[39m
[90m  â”œâ”€ .output/server/chunks/build/server.mjs.map (23.3 kB)[39m[90m (3.29 kB gzip)[39m
[90m  â”œâ”€ .output/server/chunks/build/styles.mjs (1.34 kB)[39m[90m (403 B gzip)[39m
[90m  â”œâ”€ .output/server/chunks/build/styles.mjs.map (837 B)[39m[90m (271 B gzip)[39m
[90m  â”œâ”€ .output/server/chunks/build/v3-CotahZs-.mjs (702 B)[39m[90m (371 B gzip)[39m
[90m  â”œâ”€ .output/server/chunks/build/v3-CotahZs-.mjs.map (201 B)[39m[90m (167 B gzip)[39m
[90m  â”œâ”€ .output/server/chunks/build/wbs-3bl5E936.mjs (59.4 kB)[39m[90m (11 kB gzip)[39m
[90m  â”œâ”€ .output/server/chunks/build/wbs-3bl5E936.mjs.map (35 kB)[39m[90m (7.16 kB gzip)[39m
[90m  â”œâ”€ .output/server/chunks/build/wbs-styles.54uNfcFj.mjs (373 B)[39m[90m (256 B gzip)[39m
[90m  â”œâ”€ .output/server/chunks/build/wbs-styles.54uNfcFj.mjs.map (208 B)[39m[90m (164 B gzip)[39m
[90m  â”œâ”€ .output/server/chunks/build/WbsSearchBox-styles.Dd7jdqj5.mjs (444 B)[39m[90m (282 B gzip)[39m
[90m  â”œâ”€ .output/server/chunks/build/WbsSearchBox-styles.Dd7jdqj5.mjs.map (226 B)[39m[90m (173 B gzip)[39m
[90m  â”œâ”€ .output/server/chunks/routes/api/index.get.mjs (4.27 kB)[39m[90m (905 B gzip)[39m
[90m  â”œâ”€ .output/server/chunks/routes/api/index.get.mjs.map (566 B)[39m[90m (227 B gzip)[39m
[90m  â”œâ”€ .output/server/chunks/routes/api/index.post.mjs (4.62 kB)[39m[90m (1.11 kB gzip)[39m
[90m  â”œâ”€ .output/server/chunks/routes/api/index.post.mjs.map (820 B)[39m[90m (283 B gzip)[39m
[90m  â”œâ”€ .output/server/chunks/routes/api/init.get.mjs (4.23 kB)[39m[90m (900 B gzip)[39m
[90m  â”œâ”€ .output/server/chunks/routes/api/init.get.mjs.map (526 B)[39m[90m (255 B gzip)[39m
[90m  â”œâ”€ .output/server/chunks/routes/api/init.post.mjs (4.52 kB)[39m[90m (975 B gzip)[39m
[90m  â”œâ”€ .output/server/chunks/routes/api/init.post.mjs.map (687 B)[39m[90m (299 B gzip)[39m
[90m  â”œâ”€ .output/server/chunks/routes/api/projects/_id_.get.mjs (4.21 kB)[39m[90m (894 B gzip)[39m
[90m  â”œâ”€ .output/server/chunks/routes/api/projects/_id_.get.mjs.map (527 B)[39m[90m (225 B gzip)[39m
[90m  â”œâ”€ .output/server/chunks/routes/api/projects/_id_.put.mjs (4.62 kB)[39m[90m (1.11 kB gzip)[39m
[90m  â”œâ”€ .output/server/chunks/routes/api/projects/_id_.put.mjs.map (857 B)[39m[90m (290 B gzip)[39m
[90m  â”œâ”€ .output/server/chunks/routes/api/projects/_id/team.mjs (4.99 kB)[39m[90m (1.26 kB gzip)[39m
[90m  â”œâ”€ .output/server/chunks/routes/api/projects/_id/team.mjs.map (1.14 kB)[39m[90m (327 B gzip)[39m
[90m  â”œâ”€ .output/server/chunks/routes/api/projects/_id/wbs.get.mjs (4.13 kB)[39m[90m (853 B gzip)[39m
[90m  â”œâ”€ .output/server/chunks/routes/api/projects/_id/wbs.get.mjs.map (443 B)[39m[90m (205 B gzip)[39m
[90m  â”œâ”€ .output/server/chunks/routes/api/projects/_id/wbs.put.mjs (4.95 kB)[39m[90m (1.2 kB gzip)[39m
[90m  â”œâ”€ .output/server/chunks/routes/api/projects/_id/wbs.put.mjs.map (975 B)[39m[90m (304 B gzip)[39m
[90m  â”œâ”€ .output/server/chunks/routes/api/settings/_type_.get.mjs (4.81 kB)[39m[90m (1.14 kB gzip)[39m
[90m  â”œâ”€ .output/server/chunks/routes/api/settings/_type_.get.mjs.map (1.03 kB)[39m[90m (391 B gzip)[39m
[90m  â”œâ”€ .output/server/chunks/routes/api/tasks/_id_.get.mjs (4.12 kB)[39m[90m (851 B gzip)[39m
[90m  â”œâ”€ .output/server/chunks/routes/api/tasks/_id_.get.mjs.map (434 B)[39m[90m (197 B gzip)[39m
[90m  â”œâ”€ .output/server/chunks/routes/api/tasks/_id_.put.mjs (4.21 kB)[39m[90m (895 B gzip)[39m
[90m  â”œâ”€ .output/server/chunks/routes/api/tasks/_id_.put.mjs.map (534 B)[39m[90m (222 B gzip)[39m
[90m  â”œâ”€ .output/server/chunks/routes/api/tasks/_id/available-commands.get.mjs (4.79 kB)[39m[90m (1.17 kB gzip)[39m
[90m  â”œâ”€ .output/server/chunks/routes/api/tasks/_id/available-commands.get.mjs.map (1.01 kB)[39m[90m (324 B gzip)[39m
[90m  â”œâ”€ .output/server/chunks/routes/api/tasks/_id/documents.get.mjs (5.29 kB)[39m[90m (1.34 kB gzip)[39m
[90m  â”œâ”€ .output/server/chunks/routes/api/tasks/_id/documents.get.mjs.map (1.39 kB)[39m[90m (485 B gzip)[39m
[90m  â”œâ”€ .output/server/chunks/routes/api/tasks/_id/history.get.mjs (5.19 kB)[39m[90m (1.25 kB gzip)[39m
[90m  â”œâ”€ .output/server/chunks/routes/api/tasks/_id/history.get.mjs.map (1.3 kB)[39m[90m (338 B gzip)[39m
[90m  â”œâ”€ .output/server/chunks/routes/api/tasks/_id/transition.post.mjs (5.3 kB)[39m[90m (1.3 kB gzip)[39m
[90m  â”œâ”€ .output/server/chunks/routes/api/tasks/_id/transition.post.mjs.map (1.44 kB)[39m[90m (484 B gzip)[39m
[90m  â”œâ”€ .output/server/chunks/routes/renderer.mjs (13.7 kB)[39m[90m (4.28 kB gzip)[39m
[90m  â”œâ”€ .output/server/chunks/routes/renderer.mjs.map (785 B)[39m[90m (278 B gzip)[39m
[90m  â”œâ”€ .output/server/chunks/virtual/_virtual_spa-template.mjs (94 B)[39m[90m (100 B gzip)[39m
[90m  â”œâ”€ .output/server/chunks/virtual/_virtual_spa-template.mjs.map (112 B)[39m[90m (111 B gzip)[39m
[90m  â”œâ”€ .output/server/index.mjs (5.29 kB)[39m[90m (1.34 kB gzip)[39m
[90m  â””â”€ .output/server/package.json (1.1 kB)[39m[90m (415 B gzip)[39m
[36mÎ£ Total size:[39m 7.49 MB (1.61 MB gzip)
[90m[[90mnitro[90m][39m [32mâœ”[39m You can preview this build using [36mnode .output/server/index.mjs[39m
[90mâ”‚[39m
[90mâ””[39m  âœ¨ Build complete!
